[2025-01-08T18:35:35.015438+01:00] app_workshop.INFO: SELECT operation successful for ID: Prueba4 [] []
[2025-01-08T18:35:52.447658+01:00] app_workshop.INFO: SELECT operation successful for ID: Prueba4 [] []
[2025-01-08T18:35:54.985726+01:00] app_workshop.INFO: SELECT operation successful for ID: Prueba4 [] []
[2025-01-08T18:35:55.335289+01:00] app_workshop.WARNING: No results found for ID:  [] []
[2025-01-08T18:35:55.729449+01:00] app_workshop.WARNING: No results found for ID:  [] []
[2025-01-08T18:35:56.131942+01:00] app_workshop.WARNING: No results found for ID:  [] []
[2025-01-08T18:37:49.947678+01:00] app_workshop.INFO: SELECT operation successful for ID: Prueba4 [] []
[2025-01-08T18:38:03.532173+01:00] app_workshop.INFO: SELECT operation successful for ID: Prueba4 [] []
[2025-01-08T18:40:02.110333+01:00] app_workshop.INFO: INSERT operation successful for ID: PruebaCoche [] []
[2025-01-08T18:40:15.200823+01:00] app_workshop.INFO: SELECT operation successful for ID: PruebaCoche [] []
[2025-01-08T18:44:50.797480+01:00] app_workshop.WARNING: No results found for ID: PruebaCoche [] []
[2025-01-08T18:44:59.235060+01:00] app_workshop.INFO: INSERT operation successful for ID: PruebaCoche [] []
[2025-01-08T18:45:14.359132+01:00] app_workshop.INFO: SELECT operation successful for ID: PruebaCoche [] []
[2025-01-08T18:52:41.577359+01:00] app_workshop.INFO: SELECT operation successful for ID: PruebaCoche [] []
[2025-01-08T18:52:45.952389+01:00] app_workshop.INFO: SELECT operation successful for ID: PruebaCoche [] []
[2025-01-08T18:53:37.876524+01:00] app_workshop.INFO: INSERT operation successful for ID: PruebaCoche [] []
[2025-01-08T18:58:57.724198+01:00] app_workshop.INFO: INSERT operation successful for ID: PruebaCoche [] []
[2025-01-08T18:59:17.155146+01:00] app_workshop.INFO: INSERT operation successful for ID: PruebaCoche [] []
[2025-01-08T18:59:34.317427+01:00] app_workshop.INFO: INSERT operation successful for ID: PruebaCoche [] []
[2025-01-08T18:59:42.366198+01:00] app_workshop.INFO: SELECT operation successful for ID: PruebaCoche [] []
[2025-01-08T19:00:00.987064+01:00] app_workshop.INFO: SELECT operation successful for ID: PruebaCoche [] []
[2025-01-08T19:04:35.047062+01:00] app_workshop.INFO: SELECT operation successful for ID: PruebaCoche [] []
[2025-01-08T19:04:41.038699+01:00] app_workshop.INFO: SELECT operation successful for ID: PruebaCoche [] []
[2025-01-08T19:05:20.981513+01:00] app_workshop.INFO: SELECT operation successful for ID: PruebaCoche [] []
[2025-01-08T19:05:52.359031+01:00] app_workshop.INFO: INSERT operation successful for ID: PruebaCoche [] []
[2025-01-08T19:06:17.695959+01:00] app_workshop.INFO: SELECT operation successful for ID: PruebaCoche [] []
